<?xml version="1.0" encoding="UTF-8"?>
<!-- Generated by org.testng.reporters.JUnitReportReporter -->
<testsuite hostname="LAPTOP-QFB7FCFV" failures="0" tests="2" name="VariousConcept.CrmTest" time="7.130" errors="0" timestamp="2022-12-10T21:26:12 CST" skipped="0">
  <testcase classname="VariousConcept.CrmTest" name="negLoginText" time="3.147"/>
  <system-out/>
  <testcase classname="VariousConcept.CrmTest" name="loginTest" time="3.983"/>
  <system-out/>
</testsuite> <!-- VariousConcept.CrmTest -->
